#
# A fatal error has been detected by the Java Runtime Environment:
#
#  SIGBUS (0x7) at pc=0xb6605232, pid=14016, tid=1715989312
#
# JRE version: 7.0_09-b30
# Java VM: OpenJDK Server VM (23.2-b09 mixed mode linux-x86 )
# Problematic frame:
# C  [libzip.so+0x5232]  Java_java_util_zip_ZipFile_getZipMessage+0x15a2
#
# Failed to write core dump. Core dumps have been disabled. To enable core dumping, try "ulimit -c unlimited" before starting Java again
#
# If you would like to submit a bug report, please include
# instructions on how to reproduce the bug and visit:
#   https://bugs.launchpad.net/ubuntu/+source/openjdk-7/
# The crash happened outside the Java Virtual Machine in native code.
# See problematic frame for where to report the bug.
#

---------------  T H R E A D  ---------------

Current thread (0x66350000):  JavaThread "RMI TCP Connection(1)-127.0.0.1" daemon [_thread_in_native, id=14065, stack(0x6642e000,0x6647f000)]

siginfo:si_signo=SIGBUS: si_errno=0, si_code=2 (BUS_ADRERR), si_addr=0x6af41523

Registers:
EAX=0x66059408, EBX=0xb6609000, ECX=0x6a100024, EDX=0x6af41506
ESP=0x6647c330, EBP=0x6647c3b8, ESI=0x6605959c, EDI=0x66059408
EIP=0xb6605232, EFLAGS=0x00010206, CR2=0x6af41523

Top of Stack: (sp=0x6647c330)
0x6647c330:   00000034 00000000 00000000 b760c482
0x6647c340:   b6502aa0 b6f91348 00000052 ffffffff
0x6647c350:   6604f400 00000006 6a117330 00000004
0x6647c360:   00000000 b6609000 b6dbceb9 b712e000
0x6647c370:   6647c45a 66059408 6647c3b8 66059408
0x6647c380:   660594c0 b6f81795 00000000 00000000
0x6647c390:   b712e000 b6c62656 b6609000 b6605ae0
0x6647c3a0:   660594c0 00000006 b66051bd b6609000 

Instructions: (pc=0xb6605232)
0xb6605212:   00 00 8b 06 8b 56 04 89 04 24 8b 45 c4 89 54 24
0xb6605222:   04 e8 f8 eb ff ff 89 c2 85 d2 0f 84 c6 02 00 00
0xb6605232:   0f b6 4a 1d 0f b6 42 1c 0f b6 72 0e c7 45 b0 00
0xb6605242:   00 00 00 c1 e1 08 09 c1 0f b6 42 0d 89 4d c8 0f 

Register to memory mapping:

EAX=0x66059408 is an unknown value
EBX=0xb6609000: <offset 0x9000> in /usr/lib/jvm/java-7-openjdk-i386/jre/lib/i386/libzip.so at 0xb6600000
ECX=0x6a100024 is an unknown value
EDX=0x6af41506 is an unknown value
ESP=0x6647c330 is pointing into the stack for thread: 0x66350000
EBP=0x6647c3b8 is pointing into the stack for thread: 0x66350000
ESI=0x6605959c is an unknown value
EDI=0x66059408 is an unknown value


Stack: [0x6642e000,0x6647f000],  sp=0x6647c330,  free space=312k
Native frames: (J=compiled Java code, j=interpreted, Vv=VM code, C=native code)
C  [libzip.so+0x5232]  Java_java_util_zip_ZipFile_getZipMessage+0x15a2
C  [libzip.so+0x6156]  ZIP_GetEntry+0xc6
C  [libzip.so+0x3664]  Java_java_util_zip_ZipFile_getEntry+0xe4
j  java.util.zip.ZipFile.getEntry(J[BZ)J+0
j  java.util.zip.ZipFile.getEntry(Ljava/lang/String;)Ljava/util/zip/ZipEntry;+38
j  java.util.jar.JarFile.getEntry(Ljava/lang/String;)Ljava/util/zip/ZipEntry;+2
j  java.util.jar.JarFile.getJarEntry(Ljava/lang/String;)Ljava/util/jar/JarEntry;+2
j  sun.misc.URLClassPath$JarLoader.getResource(Ljava/lang/String;Z)Lsun/misc/Resource;+48
j  sun.misc.URLClassPath.getResource(Ljava/lang/String;Z)Lsun/misc/Resource;+53
j  java.net.URLClassLoader$1.run()Ljava/lang/Class;+26
j  java.net.URLClassLoader$1.run()Ljava/lang/Object;+1
v  ~StubRoutines::call_stub
V  [libjvm.so+0x4299cc]  JavaCalls::call_helper(JavaValue*, methodHandle*, JavaCallArguments*, Thread*)+0x39c

Java frames: (J=compiled Java code, j=interpreted, Vv=VM code)
j  java.util.zip.ZipFile.getEntry(J[BZ)J+0
j  java.util.zip.ZipFile.getEntry(Ljava/lang/String;)Ljava/util/zip/ZipEntry;+38
j  java.util.jar.JarFile.getEntry(Ljava/lang/String;)Ljava/util/zip/ZipEntry;+2
j  java.util.jar.JarFile.getJarEntry(Ljava/lang/String;)Ljava/util/jar/JarEntry;+2
j  sun.misc.URLClassPath$JarLoader.getResource(Ljava/lang/String;Z)Lsun/misc/Resource;+48
j  sun.misc.URLClassPath.getResource(Ljava/lang/String;Z)Lsun/misc/Resource;+53
j  java.net.URLClassLoader$1.run()Ljava/lang/Class;+26
j  java.net.URLClassLoader$1.run()Ljava/lang/Object;+1
v  ~StubRoutines::call_stub
j  java.security.AccessController.doPrivileged(Ljava/security/PrivilegedExceptionAction;Ljava/security/AccessControlContext;)Ljava/lang/Object;+0
j  java.net.URLClassLoader.findClass(Ljava/lang/String;)Ljava/lang/Class;+13
j  java.lang.ClassLoader.loadClass(Ljava/lang/String;Z)Ljava/lang/Class;+70
j  sun.misc.Launcher$AppClassLoader.loadClass(Ljava/lang/String;Z)Ljava/lang/Class;+36
j  java.lang.ClassLoader.loadClass(Ljava/lang/String;)Ljava/lang/Class;+3
v  ~StubRoutines::call_stub
j  java.lang.Class.getDeclaredFields0(Z)[Ljava/lang/reflect/Field;+0
j  java.lang.Class.privateGetDeclaredFields(Z)[Ljava/lang/reflect/Field;+67
j  java.lang.Class.getDeclaredField(Ljava/lang/String;)Ljava/lang/reflect/Field;+11
j  java.io.ObjectStreamClass.getDeclaredSUID(Ljava/lang/Class;)Ljava/lang/Long;+3
j  java.io.ObjectStreamClass.access$700(Ljava/lang/Class;)Ljava/lang/Long;+1
j  java.io.ObjectStreamClass$2.run()Ljava/lang/Void;+66
j  java.io.ObjectStreamClass$2.run()Ljava/lang/Object;+1
v  ~StubRoutines::call_stub
j  java.security.AccessController.doPrivileged(Ljava/security/PrivilegedAction;)Ljava/lang/Object;+0
j  java.io.ObjectStreamClass.<init>(Ljava/lang/Class;)V+106
j  java.io.ObjectStreamClass.lookup(Ljava/lang/Class;Z)Ljava/io/ObjectStreamClass;+213
j  java.io.ObjectOutputStream.writeObject0(Ljava/lang/Object;Z)V+185
j  java.io.ObjectOutputStream.writeObject(Ljava/lang/Object;)V+16
j  sun.rmi.registry.RegistryImpl_Skel.dispatch(Ljava/rmi/Remote;Ljava/rmi/server/RemoteCall;IJ)V+326
j  sun.rmi.server.UnicastServerRef.oldDispatch(Ljava/rmi/Remote;Ljava/rmi/server/RemoteCall;I)V+100
j  sun.rmi.server.UnicastServerRef.dispatch(Ljava/rmi/Remote;Ljava/rmi/server/RemoteCall;)V+31
j  sun.rmi.transport.Transport$1.run()Ljava/lang/Void;+23
j  sun.rmi.transport.Transport$1.run()Ljava/lang/Object;+1
v  ~StubRoutines::call_stub
j  java.security.AccessController.doPrivileged(Ljava/security/PrivilegedExceptionAction;Ljava/security/AccessControlContext;)Ljava/lang/Object;+0
j  sun.rmi.transport.Transport.serviceCall(Ljava/rmi/server/RemoteCall;)Z+163
j  sun.rmi.transport.tcp.TCPTransport.handleMessages(Lsun/rmi/transport/Connection;Z)V+185
j  sun.rmi.transport.tcp.TCPTransport$ConnectionHandler.run0()V+685
j  sun.rmi.transport.tcp.TCPTransport$ConnectionHandler.run()V+50
j  java.util.concurrent.ThreadPoolExecutor.runWorker(Ljava/util/concurrent/ThreadPoolExecutor$Worker;)V+46
j  java.util.concurrent.ThreadPoolExecutor$Worker.run()V+5
j  java.lang.Thread.run()V+11
v  ~StubRoutines::call_stub

---------------  P R O C E S S  ---------------

Java Threads: ( => current thread )
=>0x66350000 JavaThread "RMI TCP Connection(1)-127.0.0.1" daemon [_thread_in_native, id=14065, stack(0x6642e000,0x6647f000)]
  0xb6506800 JavaThread "DestroyJavaVM" [_thread_blocked, id=14021, stack(0xb6671000,0xb66c2000)]
  0x65c53c00 JavaThread "Thread-1" [_thread_blocked, id=14042, stack(0x66a0d000,0x66a5e000)]
  0x65c52000 JavaThread "GC Daemon" daemon [_thread_blocked, id=14041, stack(0x66d2e000,0x66d7f000)]
  0x65c50000 JavaThread "RMI Reaper" [_thread_blocked, id=14040, stack(0x6a22e000,0x6a27f000)]
  0x65c4cc00 JavaThread "RMI TCP Accept-0" daemon [_thread_in_native, id=14039, stack(0x6a42e000,0x6a47f000)]
  0x65c36c00 JavaThread "RMI TCP Accept-1099" daemon [_thread_in_native, id=14038, stack(0x6a62e000,0x6a67f000)]
  0x66cf8400 JavaThread "Service Thread" daemon [_thread_blocked, id=14036, stack(0x6aa2e000,0x6aa7f000)]
  0x66cf6400 JavaThread "C2 CompilerThread1" daemon [_thread_blocked, id=14035, stack(0x6647f000,0x66500000)]
  0x66cf4400 JavaThread "C2 CompilerThread0" daemon [_thread_blocked, id=14034, stack(0x66f4c000,0x66fcd000)]
  0x66cf2c00 JavaThread "Signal Dispatcher" daemon [_thread_blocked, id=14033, stack(0x6ad2e000,0x6ad7f000)]
  0x66cb0800 JavaThread "Finalizer" daemon [_thread_blocked, id=14032, stack(0x66a5e000,0x66aaf000)]
  0x66caec00 JavaThread "Reference Handler" daemon [_thread_blocked, id=14031, stack(0x66aaf000,0x66b00000)]

Other Threads:
  0x66ca8400 VMThread [stack: 0x66d7f000,0x66e00000] [id=14030]
  0x66cfa000 WatcherThread [stack: 0x6617f000,0x66200000] [id=14037]

VM state:not at safepoint (normal execution)

VM Mutex/Monitor currently owned by a thread: None

Heap
 PSYoungGen      total 19136K, used 1809K [0x9ded0000, 0x9f420000, 0xb3420000)
  eden space 16448K, 11% used [0x9ded0000,0x9e094738,0x9eee0000)
  from space 2688K, 0% used [0x9eee0000,0x9eee0000,0x9f180000)
  to   space 2688K, 0% used [0x9f180000,0x9f180000,0x9f420000)
 ParOldGen       total 43712K, used 428K [0x73420000, 0x75ed0000, 0x9ded0000)
  object space 43712K, 0% used [0x73420000,0x7348b1f0,0x75ed0000)
 PSPermGen       total 16384K, used 3636K [0x6b420000, 0x6c420000, 0x73420000)
  object space 16384K, 22% used [0x6b420000,0x6b7ad2c0,0x6c420000)

Card table byte_map: [0x6b1df000,0x6b420000] byte_map_base: 0x6ae84f00

Polling page: 0xb663e000

Code Cache  [0xb34e7000, 0xb3727000, 0xb64e7000)
 total_blobs=124 nmethods=4 adapters=73 free_code_cache=48851Kb largest_free_block=50003008

Compilation events (8 events):
Event: 0.458 Thread 0x66cf4400    1             java.util.Properties$LineReader::readLine (452 bytes)
Event: 0.513 Thread 0x66cf6400    2             java.lang.String::hashCode (55 bytes)
Event: 0.524 Thread 0x66cf4400 nmethod 1 0xb3536508 code [0xb3536660, 0xb3536dc4]
Event: 0.524 Thread 0x66cf6400 nmethod 2 0xb3531f08 code [0xb3532000, 0xb3532170]
Event: 0.752 Thread 0x66cf4400    3             java.lang.String::charAt (29 bytes)
Event: 0.754 Thread 0x66cf4400 nmethod 3 0xb352ff08 code [0xb3530000, 0xb3530090]
Event: 0.833 Thread 0x66cf6400    4             java.lang.String::indexOf (70 bytes)
Event: 0.842 Thread 0x66cf6400 nmethod 4 0xb352fbc8 code [0xb352fcc0, 0xb352fe3c]

GC Heap History (4 events):
Event: 0.778 GC heap before
{Heap before GC invocations=1 (full 0):
 PSYoungGen      total 19136K, used 1332K [0x9ded0000, 0x9f420000, 0xb3420000)
  eden space 16448K, 8% used [0x9ded0000,0x9e01d158,0x9eee0000)
  from space 2688K, 0% used [0x9f180000,0x9f180000,0x9f420000)
  to   space 2688K, 0% used [0x9eee0000,0x9eee0000,0x9f180000)
 ParOldGen       total 43712K, used 0K [0x73420000, 0x75ed0000, 0x9ded0000)
  object space 43712K, 0% used [0x73420000,0x73420000,0x75ed0000)
 PSPermGen       total 16384K, used 3239K [0x6b420000, 0x6c420000, 0x73420000)
  object space 16384K, 19% used [0x6b420000,0x6b749e10,0x6c420000)
Event: 0.784 GC heap after
Heap after GC invocations=1 (full 0):
 PSYoungGen      total 19136K, used 488K [0x9ded0000, 0x9f420000, 0xb3420000)
  eden space 16448K, 0% used [0x9ded0000,0x9ded0000,0x9eee0000)
  from space 2688K, 18% used [0x9eee0000,0x9ef5a050,0x9f180000)
  to   space 2688K, 0% used [0x9f180000,0x9f180000,0x9f420000)
 ParOldGen       total 43712K, used 0K [0x73420000, 0x75ed0000, 0x9ded0000)
  object space 43712K, 0% used [0x73420000,0x73420000,0x75ed0000)
 PSPermGen       total 16384K, used 3239K [0x6b420000, 0x6c420000, 0x73420000)
  object space 16384K, 19% used [0x6b420000,0x6b749e10,0x6c420000)
}
Event: 0.785 GC heap before
{Heap before GC invocations=2 (full 1):
 PSYoungGen      total 19136K, used 488K [0x9ded0000, 0x9f420000, 0xb3420000)
  eden space 16448K, 0% used [0x9ded0000,0x9ded0000,0x9eee0000)
  from space 2688K, 18% used [0x9eee0000,0x9ef5a050,0x9f180000)
  to   space 2688K, 0% used [0x9f180000,0x9f180000,0x9f420000)
 ParOldGen       total 43712K, used 0K [0x73420000, 0x75ed0000, 0x9ded0000)
  object space 43712K, 0% used [0x73420000,0x73420000,0x75ed0000)
 PSPermGen       total 16384K, used 3239K [0x6b420000, 0x6c420000, 0x73420000)
  object space 16384K, 19% used [0x6b420000,0x6b749e10,0x6c420000)
Event: 0.826 GC heap after
Heap after GC invocations=2 (full 1):
 PSYoungGen      total 19136K, used 0K [0x9ded0000, 0x9f420000, 0xb3420000)
  eden space 16448K, 0% used [0x9ded0000,0x9ded0000,0x9eee0000)
  from space 2688K, 0% used [0x9eee0000,0x9eee0000,0x9f180000)
  to   space 2688K, 0% used [0x9f180000,0x9f180000,0x9f420000)
 ParOldGen       total 43712K, used 428K [0x73420000, 0x75ed0000, 0x9ded0000)
  object space 43712K, 0% used [0x73420000,0x7348b1f0,0x75ed0000)
 PSPermGen       total 16384K, used 3236K [0x6b420000, 0x6c420000, 0x73420000)
  object space 16384K, 19% used [0x6b420000,0x6b749390,0x6c420000)
}

Deoptimization events (0 events):
No events

Internal exceptions (10 events):
Event: 0.381 Thread 0xb6506800 Threw 0x9df2c5d8 at /build/buildd/openjdk-7-7u9-2.3.3/build/openjdk/hotspot/src/share/vm/prims/jvm.cpp:1166
Event: 0.390 Thread 0xb6506800 Threw 0x9df30000 at /build/buildd/openjdk-7-7u9-2.3.3/build/openjdk/hotspot/src/share/vm/prims/jvm.cpp:1166
Event: 0.391 Thread 0xb6506800 Threw 0x9df31e18 at /build/buildd/openjdk-7-7u9-2.3.3/build/openjdk/hotspot/src/share/vm/prims/jvm.cpp:1166
Event: 0.394 Thread 0xb6506800 Threw 0x9df34a88 at /build/buildd/openjdk-7-7u9-2.3.3/build/openjdk/hotspot/src/share/vm/prims/jvm.cpp:1166
Event: 0.395 Thread 0xb6506800 Threw 0x9df365d8 at /build/buildd/openjdk-7-7u9-2.3.3/build/openjdk/hotspot/src/share/vm/prims/jvm.cpp:1166
Event: 0.630 Thread 0xb6506800 Threw 0x9df90f40 at /build/buildd/openjdk-7-7u9-2.3.3/build/openjdk/hotspot/src/share/vm/prims/jni.cpp:716
Event: 0.727 Thread 0xb6506800 Threw 0x9dfa22a0 at /build/buildd/openjdk-7-7u9-2.3.3/build/openjdk/hotspot/src/share/vm/prims/jvm.cpp:1166
Event: 0.728 Thread 0xb6506800 Threw 0x9dfa4cb8 at /build/buildd/openjdk-7-7u9-2.3.3/build/openjdk/hotspot/src/share/vm/prims/jvm.cpp:1166
Event: 0.834 Thread 0xb6506800 Threw 0x9ded5748 at /build/buildd/openjdk-7-7u9-2.3.3/build/openjdk/hotspot/src/share/vm/prims/jvm.cpp:1166
Event: 1.986 Thread 0x66350000 Threw 0x9e08d018 at /build/buildd/openjdk-7-7u9-2.3.3/build/openjdk/hotspot/src/share/vm/prims/jvm.cpp:1166

Events (10 events):
Event: 1.975 loading class 0xb653b378
Event: 1.975 loading class 0xb653b378 done
Event: 1.976 loading class 0x6a115cc0
Event: 1.977 loading class 0x6a115cc0 done
Event: 1.977 loading class 0x6a115d00
Event: 1.978 loading class 0x6a115d00 done
Event: 1.984 loading class 0xb653a8a8
Event: 1.984 loading class 0xb653a8a8 done
Event: 1.986 loading class 0x66077b20
Event: 1.986 loading class 0x66077b20 done


Dynamic libraries:
08048000-08049000 r-xp 00000000 08:01 547519     /usr/lib/jvm/java-7-openjdk-i386/jre/bin/java
08049000-0804a000 r--p 00000000 08:01 547519     /usr/lib/jvm/java-7-openjdk-i386/jre/bin/java
0804a000-0804b000 rw-p 00001000 08:01 547519     /usr/lib/jvm/java-7-openjdk-i386/jre/bin/java
08e49000-08e6a000 rw-p 00000000 00:00 0          [heap]
65a1c000-65c00000 rw-p 00000000 00:00 0 
65c00000-65c60000 rw-p 00000000 00:00 0 
65c60000-65d00000 ---p 00000000 00:00 0 
65d55000-65e4e000 r-xp 00000000 08:01 265360     /lib/i386-linux-gnu/libglib-2.0.so.0.3400.0
65e4e000-65e4f000 r--p 000f9000 08:01 265360     /lib/i386-linux-gnu/libglib-2.0.so.0.3400.0
65e4f000-65e50000 rw-p 000fa000 08:01 265360     /lib/i386-linux-gnu/libglib-2.0.so.0.3400.0
65e50000-65e9e000 r-xp 00000000 08:01 525782     /usr/lib/i386-linux-gnu/libgobject-2.0.so.0.3400.0
65e9e000-65e9f000 r--p 0004d000 08:01 525782     /usr/lib/i386-linux-gnu/libgobject-2.0.so.0.3400.0
65e9f000-65ea0000 rw-p 0004e000 08:01 525782     /usr/lib/i386-linux-gnu/libgobject-2.0.so.0.3400.0
65ea0000-65ffb000 r-xp 00000000 08:01 525758     /usr/lib/i386-linux-gnu/libgio-2.0.so.0.3400.0
65ffb000-65ffc000 ---p 0015b000 08:01 525758     /usr/lib/i386-linux-gnu/libgio-2.0.so.0.3400.0
65ffc000-65ffe000 r--p 0015b000 08:01 525758     /usr/lib/i386-linux-gnu/libgio-2.0.so.0.3400.0
65ffe000-65fff000 rw-p 0015d000 08:01 525758     /usr/lib/i386-linux-gnu/libgio-2.0.so.0.3400.0
65fff000-66000000 rw-p 00000000 00:00 0 
66000000-660fa000 rw-p 00000000 00:00 0 
660fa000-66100000 ---p 00000000 00:00 0 
6617f000-66180000 ---p 00000000 00:00 0 
66180000-66200000 rw-p 00000000 00:00 0          [stack:14037]
66200000-66235000 rw-p 00000000 00:00 0 
66235000-66300000 ---p 00000000 00:00 0 
66300000-66390000 rw-p 00000000 00:00 0 
66390000-66400000 ---p 00000000 00:00 0 
6642e000-66431000 ---p 00000000 00:00 0 
66431000-6647f000 rw-p 00000000 00:00 0          [stack:14065]
6647f000-66482000 ---p 00000000 00:00 0 
66482000-66500000 rw-p 00000000 00:00 0          [stack:14035]
66500000-66700000 r--p 00000000 08:01 527738     /usr/lib/locale/locale-archive
66700000-66721000 rw-p 00000000 00:00 0 
66721000-66800000 ---p 00000000 00:00 0 
66800000-66821000 rw-p 00000000 00:00 0 
66821000-66900000 ---p 00000000 00:00 0 
66900000-66921000 rw-p 00000000 00:00 0 
66921000-66a00000 ---p 00000000 00:00 0 
66a0d000-66a10000 ---p 00000000 00:00 0 
66a10000-66a5e000 rw-p 00000000 00:00 0          [stack:14042]
66a5e000-66a61000 ---p 00000000 00:00 0 
66a61000-66aaf000 rw-p 00000000 00:00 0          [stack:14032]
66aaf000-66ab2000 ---p 00000000 00:00 0 
66ab2000-66b00000 rw-p 00000000 00:00 0          [stack:14031]
66b00000-66b21000 rw-p 00000000 00:00 0 
66b21000-66c00000 ---p 00000000 00:00 0 
66c00000-66cfd000 rw-p 00000000 00:00 0 
66cfd000-66d00000 ---p 00000000 00:00 0 
66d2e000-66d31000 ---p 00000000 00:00 0 
66d31000-66d7f000 rw-p 00000000 00:00 0          [stack:14041]
66d7f000-66d80000 ---p 00000000 00:00 0 
66d80000-66e00000 rw-p 00000000 00:00 0          [stack:14030]
66e00000-66ef1000 rw-p 00000000 00:00 0 
66ef1000-66f00000 ---p 00000000 00:00 0 
66f4c000-66f4f000 ---p 00000000 00:00 0 
66f4f000-67015000 rw-p 00000000 00:00 0          [stack:14034]
67015000-671c0000 r--s 01cdb000 08:01 547567     /usr/lib/jvm/java-7-openjdk-i386/jre/lib/rt.jar
671c0000-6a100000 rw-p 00000000 00:00 0 
6a100000-6a122000 rw-p 00000000 00:00 0 
6a122000-6a200000 ---p 00000000 00:00 0 
6a22e000-6a231000 ---p 00000000 00:00 0 
6a231000-6a27f000 rw-p 00000000 00:00 0          [stack:14040]
6a27f000-6a280000 ---p 00000000 00:00 0 
6a280000-6a300000 rw-p 00000000 00:00 0          [stack:14029]
6a300000-6a321000 rw-p 00000000 00:00 0 
6a321000-6a400000 ---p 00000000 00:00 0 
6a42e000-6a431000 ---p 00000000 00:00 0 
6a431000-6a47f000 rw-p 00000000 00:00 0          [stack:14039]
6a47f000-6a480000 ---p 00000000 00:00 0 
6a480000-6a500000 rw-p 00000000 00:00 0          [stack:14028]
6a500000-6a521000 rw-p 00000000 00:00 0 
6a521000-6a600000 ---p 00000000 00:00 0 
6a62e000-6a631000 ---p 00000000 00:00 0 
6a631000-6a67f000 rw-p 00000000 00:00 0          [stack:14038]
6a67f000-6a680000 ---p 00000000 00:00 0 
6a680000-6a700000 rw-p 00000000 00:00 0          [stack:14027]
6a700000-6a721000 rw-p 00000000 00:00 0 
6a721000-6a800000 ---p 00000000 00:00 0 
6a81b000-6a83f000 r--s 001aa000 08:01 674037     /home/ninj0x/Documents/CS290B-HW3/lib/guava-13.0.1.jar
6a83f000-6a87d000 r-xp 00000000 08:01 265417     /lib/i386-linux-gnu/libpcre.so.3.13.1
6a87d000-6a87e000 r--p 0003d000 08:01 265417     /lib/i386-linux-gnu/libpcre.so.3.13.1
6a87e000-6a87f000 rw-p 0003e000 08:01 265417     /lib/i386-linux-gnu/libpcre.so.3.13.1
6a87f000-6a880000 ---p 00000000 00:00 0 
6a880000-6a900000 rw-p 00000000 00:00 0          [stack:14026]
6a900000-6a921000 rw-p 00000000 00:00 0 
6a921000-6aa00000 ---p 00000000 00:00 0 
6aa17000-6aa2a000 r-xp 00000000 08:01 265432     /lib/i386-linux-gnu/libresolv-2.15.so
6aa2a000-6aa2b000 r--p 00013000 08:01 265432     /lib/i386-linux-gnu/libresolv-2.15.so
6aa2b000-6aa2c000 rw-p 00014000 08:01 265432     /lib/i386-linux-gnu/libresolv-2.15.so
6aa2c000-6aa2e000 rw-p 00000000 00:00 0 
6aa2e000-6aa31000 ---p 00000000 00:00 0 
6aa31000-6aa7f000 rw-p 00000000 00:00 0          [stack:14036]
6aa7f000-6aa80000 ---p 00000000 00:00 0 
6aa80000-6ab00000 rw-p 00000000 00:00 0          [stack:14025]
6ab00000-6ab21000 rw-p 00000000 00:00 0 
6ab21000-6ac00000 ---p 00000000 00:00 0 
6ac00000-6ac21000 rw-p 00000000 00:00 0 
6ac21000-6ad00000 ---p 00000000 00:00 0 
6ad0f000-6ad2c000 r-xp 00000000 08:01 265436     /lib/i386-linux-gnu/libselinux.so.1
6ad2c000-6ad2d000 r--p 0001c000 08:01 265436     /lib/i386-linux-gnu/libselinux.so.1
6ad2d000-6ad2e000 rw-p 0001d000 08:01 265436     /lib/i386-linux-gnu/libselinux.so.1
6ad2e000-6ad31000 ---p 00000000 00:00 0 
6ad31000-6ad7f000 rw-p 00000000 00:00 0          [stack:14033]
6ad7f000-6ad80000 ---p 00000000 00:00 0 
6ad80000-6ae00000 rw-p 00000000 00:00 0          [stack:14024]
6ae00000-6ae21000 rw-p 00000000 00:00 0 
6ae21000-6af00000 ---p 00000000 00:00 0 
6af08000-6af0d000 r-xp 00000000 08:01 525705     /usr/lib/i386-linux-gnu/libffi.so.6.0.0
6af0d000-6af0e000 r--p 00005000 08:01 525705     /usr/lib/i386-linux-gnu/libffi.so.6.0.0
6af0e000-6af0f000 rw-p 00006000 08:01 525705     /usr/lib/i386-linux-gnu/libffi.so.6.0.0
6af0f000-6af12000 r-xp 00000000 08:01 525770     /usr/lib/i386-linux-gnu/libgmodule-2.0.so.0.3400.0
6af12000-6af13000 r--p 00002000 08:01 525770     /usr/lib/i386-linux-gnu/libgmodule-2.0.so.0.3400.0
6af13000-6af14000 rw-p 00003000 08:01 525770     /usr/lib/i386-linux-gnu/libgmodule-2.0.so.0.3400.0
6af20000-6af21000 rw-p 00000000 00:00 0 
6af21000-6af22000 r-xp 00000000 08:01 547536     /usr/lib/jvm/java-7-openjdk-i386/jre/lib/i386/librmi.so
6af22000-6af23000 r--p 00000000 08:01 547536     /usr/lib/jvm/java-7-openjdk-i386/jre/lib/i386/librmi.so
6af23000-6af24000 rw-p 00001000 08:01 547536     /usr/lib/jvm/java-7-openjdk-i386/jre/lib/i386/librmi.so
6af24000-6af3a000 r-xp 00000000 08:01 547548     /usr/lib/jvm/java-7-openjdk-i386/jre/lib/i386/libnet.so
6af3a000-6af3b000 r--p 00015000 08:01 547548     /usr/lib/jvm/java-7-openjdk-i386/jre/lib/i386/libnet.so
6af3b000-6af3c000 rw-p 00016000 08:01 547548     /usr/lib/jvm/java-7-openjdk-i386/jre/lib/i386/libnet.so
6af3c000-6af41000 r--s 0004b000 08:01 546953     /usr/lib/jvm/java-7-openjdk-common/jre/lib/jsse.jar
6af41000-6af42000 r--s 00002000 08:01 807290     /home/ninj0x/Documents/CS290B-HW3/dist/computer.jar
6af42000-6af44000 r--s 00012000 08:01 546957     /usr/lib/jvm/java-7-openjdk-common/jre/lib/ext/zipfs.jar
6af44000-6af47000 r--s 0003c000 08:01 546959     /usr/lib/jvm/java-7-openjdk-common/jre/lib/ext/sunpkcs11.jar
6af47000-6af48000 ---p 00000000 00:00 0 
6af48000-6afc8000 rw-p 00000000 00:00 0          [stack:14023]
6afc8000-6afc9000 ---p 00000000 00:00 0 
6afc9000-6b051000 rw-p 00000000 00:00 0          [stack:14022]
6b051000-6b089000 rw-p 00000000 00:00 0 
6b089000-6b09f000 rw-p 00000000 00:00 0 
6b09f000-6b1df000 rw-p 00000000 00:00 0 
6b1df000-6b1e7000 rw-p 00000000 00:00 0 
6b1e7000-6b21f000 rw-p 00000000 00:00 0 
6b21f000-6b235000 rw-p 00000000 00:00 0 
6b235000-6b374000 rw-p 00000000 00:00 0 
6b374000-6b37f000 rw-p 00000000 00:00 0 
6b37f000-6b41f000 rw-p 00000000 00:00 0 
6b41f000-6c420000 rw-p 00000000 00:00 0 
6c420000-73420000 rw-p 00000000 00:00 0 
73420000-75ed0000 rw-p 00000000 00:00 0 
75ed0000-9ded0000 rw-p 00000000 00:00 0 
9ded0000-9f420000 rw-p 00000000 00:00 0 
9f420000-b3420000 rw-p 00000000 00:00 0 
b3420000-b3423000 r--s 0000f000 08:01 546955     /usr/lib/jvm/java-7-openjdk-common/jre/lib/ext/pulse-java.jar
b3423000-b3424000 r--s 00002000 08:01 546954     /usr/lib/jvm/java-7-openjdk-common/jre/lib/ext/dnsns.jar
b3424000-b3427000 r--s 00032000 08:01 546958     /usr/lib/jvm/java-7-openjdk-common/jre/lib/ext/sunjce_provider.jar
b3427000-b3430000 rw-p 00000000 00:00 0 
b3430000-b34e7000 rw-p 00000000 00:00 0 
b34e7000-b3727000 rwxp 00000000 00:00 0 
b3727000-b64e7000 rw-p 00000000 00:00 0 
b64e7000-b64f2000 r-xp 00000000 08:01 265395     /lib/i386-linux-gnu/libnss_files-2.15.so
b64f2000-b64f3000 r--p 0000a000 08:01 265395     /lib/i386-linux-gnu/libnss_files-2.15.so
b64f3000-b64f4000 rw-p 0000b000 08:01 265395     /lib/i386-linux-gnu/libnss_files-2.15.so
b64f4000-b64fe000 r-xp 00000000 08:01 265399     /lib/i386-linux-gnu/libnss_nis-2.15.so
b64fe000-b64ff000 r--p 00009000 08:01 265399     /lib/i386-linux-gnu/libnss_nis-2.15.so
b64ff000-b6500000 rw-p 0000a000 08:01 265399     /lib/i386-linux-gnu/libnss_nis-2.15.so
b6500000-b65f9000 rw-p 00000000 00:00 0 
b65f9000-b6600000 ---p 00000000 00:00 0 
b6600000-b6608000 r-xp 00000000 08:01 547543     /usr/lib/jvm/java-7-openjdk-i386/jre/lib/i386/libzip.so
b6608000-b6609000 r--p 00007000 08:01 547543     /usr/lib/jvm/java-7-openjdk-i386/jre/lib/i386/libzip.so
b6609000-b660a000 rw-p 00008000 08:01 547543     /usr/lib/jvm/java-7-openjdk-i386/jre/lib/i386/libzip.so
b660a000-b6620000 r-xp 00000000 08:01 265389     /lib/i386-linux-gnu/libnsl-2.15.so
b6620000-b6621000 r--p 00015000 08:01 265389     /lib/i386-linux-gnu/libnsl-2.15.so
b6621000-b6622000 rw-p 00016000 08:01 265389     /lib/i386-linux-gnu/libnsl-2.15.so
b6622000-b6624000 rw-p 00000000 00:00 0 
b6624000-b662b000 r-xp 00000000 08:01 265391     /lib/i386-linux-gnu/libnss_compat-2.15.so
b662b000-b662c000 r--p 00006000 08:01 265391     /lib/i386-linux-gnu/libnss_compat-2.15.so
b662c000-b662d000 rw-p 00007000 08:01 265391     /lib/i386-linux-gnu/libnss_compat-2.15.so
b662d000-b662e000 rw-p 00000000 00:00 0 
b662e000-b6630000 r--s 00006000 08:01 669267     /usr/share/java/java-atk-wrapper.jar
b6630000-b6634000 r--s 00085000 08:01 546956     /usr/lib/jvm/java-7-openjdk-common/jre/lib/ext/localedata.jar
b6634000-b6635000 r--p 0046c000 08:01 527738     /usr/lib/locale/locale-archive
b6635000-b663d000 rw-s 00000000 08:01 268282     /tmp/hsperfdata_ninj0x/14016
b663d000-b663e000 rw-p 00000000 00:00 0 
b663e000-b663f000 r--p 00000000 00:00 0 
b663f000-b6666000 r-xp 00000000 08:01 547529     /usr/lib/jvm/java-7-openjdk-i386/jre/lib/i386/libjava.so
b6666000-b6667000 r--p 00026000 08:01 547529     /usr/lib/jvm/java-7-openjdk-i386/jre/lib/i386/libjava.so
b6667000-b6668000 rw-p 00027000 08:01 547529     /usr/lib/jvm/java-7-openjdk-i386/jre/lib/i386/libjava.so
b6668000-b666f000 r-xp 00000000 08:01 265434     /lib/i386-linux-gnu/librt-2.15.so
b666f000-b6670000 r--p 00006000 08:01 265434     /lib/i386-linux-gnu/librt-2.15.so
b6670000-b6671000 rw-p 00007000 08:01 265434     /lib/i386-linux-gnu/librt-2.15.so
b6671000-b6674000 ---p 00000000 00:00 0 
b6674000-b66c2000 rw-p 00000000 00:00 0          [stack:14021]
b66c2000-b66de000 r-xp 00000000 08:01 265356     /lib/i386-linux-gnu/libgcc_s.so.1
b66de000-b66df000 r--p 0001b000 08:01 265356     /lib/i386-linux-gnu/libgcc_s.so.1
b66df000-b66e0000 rw-p 0001c000 08:01 265356     /lib/i386-linux-gnu/libgcc_s.so.1
b66e0000-b670a000 r-xp 00000000 08:01 265372     /lib/i386-linux-gnu/libm-2.15.so
b670a000-b670b000 r--p 00029000 08:01 265372     /lib/i386-linux-gnu/libm-2.15.so
b670b000-b670c000 rw-p 0002a000 08:01 265372     /lib/i386-linux-gnu/libm-2.15.so
b670c000-b67e8000 r-xp 00000000 08:01 526100     /usr/lib/i386-linux-gnu/libstdc++.so.6.0.17
b67e8000-b67e9000 ---p 000dc000 08:01 526100     /usr/lib/i386-linux-gnu/libstdc++.so.6.0.17
b67e9000-b67ed000 r--p 000dc000 08:01 526100     /usr/lib/i386-linux-gnu/libstdc++.so.6.0.17
b67ed000-b67ee000 rw-p 000e0000 08:01 526100     /usr/lib/i386-linux-gnu/libstdc++.so.6.0.17
b67ee000-b67f5000 rw-p 00000000 00:00 0 
b67f5000-b70e7000 r-xp 00000000 08:01 547551     /usr/lib/jvm/java-7-openjdk-i386/jre/lib/i386/server/libjvm.so
b70e7000-b712e000 r--p 008f1000 08:01 547551     /usr/lib/jvm/java-7-openjdk-i386/jre/lib/i386/server/libjvm.so
b712e000-b7142000 rw-p 00938000 08:01 547551     /usr/lib/jvm/java-7-openjdk-i386/jre/lib/i386/server/libjvm.so
b7142000-b7560000 rw-p 00000000 00:00 0 
b7560000-b7577000 r-xp 00000000 08:01 265464     /lib/i386-linux-gnu/libz.so.1.2.7
b7577000-b7578000 r--p 00016000 08:01 265464     /lib/i386-linux-gnu/libz.so.1.2.7
b7578000-b7579000 rw-p 00017000 08:01 265464     /lib/i386-linux-gnu/libz.so.1.2.7
b7579000-b7590000 r-xp 00000000 08:01 265426     /lib/i386-linux-gnu/libpthread-2.15.so
b7590000-b7591000 r--p 00016000 08:01 265426     /lib/i386-linux-gnu/libpthread-2.15.so
b7591000-b7592000 rw-p 00017000 08:01 265426     /lib/i386-linux-gnu/libpthread-2.15.so
b7592000-b7594000 rw-p 00000000 00:00 0 
b7594000-b7597000 r-xp 00000000 08:01 265346     /lib/i386-linux-gnu/libdl-2.15.so
b7597000-b7598000 r--p 00002000 08:01 265346     /lib/i386-linux-gnu/libdl-2.15.so
b7598000-b7599000 rw-p 00003000 08:01 265346     /lib/i386-linux-gnu/libdl-2.15.so
b7599000-b773c000 r-xp 00000000 08:01 265331     /lib/i386-linux-gnu/libc-2.15.so
b773c000-b773d000 ---p 001a3000 08:01 265331     /lib/i386-linux-gnu/libc-2.15.so
b773d000-b773f000 r--p 001a3000 08:01 265331     /lib/i386-linux-gnu/libc-2.15.so
b773f000-b7740000 rw-p 001a5000 08:01 265331     /lib/i386-linux-gnu/libc-2.15.so
b7740000-b7744000 rw-p 00000000 00:00 0 
b7744000-b7751000 r-xp 00000000 08:01 547542     /usr/lib/jvm/java-7-openjdk-i386/jre/lib/i386/libverify.so
b7751000-b7752000 ---p 0000d000 08:01 547542     /usr/lib/jvm/java-7-openjdk-i386/jre/lib/i386/libverify.so
b7752000-b7753000 r--p 0000d000 08:01 547542     /usr/lib/jvm/java-7-openjdk-i386/jre/lib/i386/libverify.so
b7753000-b7754000 rw-p 0000e000 08:01 547542     /usr/lib/jvm/java-7-openjdk-i386/jre/lib/i386/libverify.so
b7754000-b7761000 r-xp 00000000 08:01 547531     /usr/lib/jvm/java-7-openjdk-i386/jre/lib/i386/jli/libjli.so
b7761000-b7762000 r--p 0000c000 08:01 547531     /usr/lib/jvm/java-7-openjdk-i386/jre/lib/i386/jli/libjli.so
b7762000-b7763000 rw-p 0000d000 08:01 547531     /usr/lib/jvm/java-7-openjdk-i386/jre/lib/i386/jli/libjli.so
b7763000-b7765000 rw-p 00000000 00:00 0 
b7765000-b7766000 r-xp 00000000 00:00 0          [vdso]
b7766000-b7786000 r-xp 00000000 08:01 265309     /lib/i386-linux-gnu/ld-2.15.so
b7786000-b7787000 r--p 0001f000 08:01 265309     /lib/i386-linux-gnu/ld-2.15.so
b7787000-b7788000 rw-p 00020000 08:01 265309     /lib/i386-linux-gnu/ld-2.15.so
bfea0000-bfec1000 rw-p 00000000 00:00 0          [stack]

VM Arguments:
jvm_args: -Djava.rmi.server.codebase=file:///home/ninj0x/Documents/CS290B-HW3/dist/computer/ -Djava.security.policy=policy.txt 
java_command: system.Space
Launcher Type: SUN_STANDARD

Environment Variables:
PATH=./bin:/usr/local/bin:/usr/local/sbin:/home/ninj0x/.dotfiles/bin:/home/ninj0x/bin:/usr/lib/lightdm/lightdm:/usr/local/sbin:/usr/local/bin:/usr/sbin:/usr/bin:/sbin:/bin:/usr/games:/usr/local/games
SHELL=/bin/zsh
DISPLAY=:0.0

Signal Handlers:
SIGSEGV: [libjvm.so+0x756f80], sa_mask[0]=0x7ffbfeff, sa_flags=0x10000004
SIGBUS: [libjvm.so+0x756f80], sa_mask[0]=0x7ffbfeff, sa_flags=0x10000004
SIGFPE: [libjvm.so+0x5f3cd0], sa_mask[0]=0x7ffbfeff, sa_flags=0x10000004
SIGPIPE: [libjvm.so+0x5f3cd0], sa_mask[0]=0x7ffbfeff, sa_flags=0x10000004
SIGXFSZ: [libjvm.so+0x5f3cd0], sa_mask[0]=0x7ffbfeff, sa_flags=0x10000004
SIGILL: [libjvm.so+0x5f3cd0], sa_mask[0]=0x7ffbfeff, sa_flags=0x10000004
SIGUSR1: SIG_DFL, sa_mask[0]=0x00000000, sa_flags=0x00000000
SIGUSR2: [libjvm.so+0x5f3b80], sa_mask[0]=0x00000004, sa_flags=0x10000004
SIGHUP: [libjvm.so+0x5f3f90], sa_mask[0]=0x7ffbfeff, sa_flags=0x10000004
SIGINT: [libjvm.so+0x5f3f90], sa_mask[0]=0x7ffbfeff, sa_flags=0x10000004
SIGTERM: [libjvm.so+0x5f3f90], sa_mask[0]=0x7ffbfeff, sa_flags=0x10000004
SIGQUIT: [libjvm.so+0x5f3f90], sa_mask[0]=0x7ffbfeff, sa_flags=0x10000004


---------------  S Y S T E M  ---------------

OS:Ubuntu 12.10 (quantal)
uname:Linux 3.5.0-17-generic #28-Ubuntu SMP Tue Oct 9 19:32:08 UTC 2012 i686
libc:glibc 2.15 NPTL 2.15 
rlimit: STACK 8192k, CORE 0k, NPROC 49013, NOFILE 4096, AS infinity
load average:6.34 5.38 3.92

/proc/meminfo:
MemTotal:        6289244 kB
MemFree:         4920420 kB
Buffers:           87088 kB
Cached:           456976 kB
SwapCached:            0 kB
Active:           876520 kB
Inactive:         398380 kB
Active(anon):     738908 kB
Inactive(anon):     9616 kB
Active(file):     137612 kB
Inactive(file):   388764 kB
Unevictable:       32596 kB
Mlocked:           32596 kB
HighTotal:       5454792 kB
HighFree:        4223100 kB
LowTotal:         834452 kB
LowFree:          697320 kB
SwapTotal:       4192252 kB
SwapFree:        4192252 kB
Dirty:               212 kB
Writeback:             0 kB
AnonPages:        764356 kB
Mapped:           108716 kB
Shmem:             10272 kB
Slab:              34416 kB
SReclaimable:      18156 kB
SUnreclaim:        16260 kB
KernelStack:        3856 kB
PageTables:         7044 kB
NFS_Unstable:          0 kB
Bounce:                0 kB
WritebackTmp:          0 kB
CommitLimit:     7336872 kB
Committed_AS:    2617204 kB
VmallocTotal:     122880 kB
VmallocUsed:       53316 kB
VmallocChunk:      67380 kB
HardwareCorrupted:     0 kB
AnonHugePages:         0 kB
HugePages_Total:       0
HugePages_Free:        0
HugePages_Rsvd:        0
HugePages_Surp:        0
Hugepagesize:       2048 kB
DirectMap4k:       10232 kB
DirectMap2M:      903168 kB


CPU:total 8 (8 cores per cpu, 1 threads per core) family 6 model 30 stepping 5, cmov, cx8, fxsr, mmx, sse, sse2, sse3, ssse3, tsc

/proc/cpuinfo:
processor	: 0
vendor_id	: GenuineIntel
cpu family	: 6
model		: 30
model name	: Intel(R) Core(TM) i7 CPU       Q 740  @ 1.73GHz
stepping	: 5
cpu MHz		: 1709.771
cache size	: 6144 KB
physical id	: 0
siblings	: 8
core id		: 0
cpu cores	: 8
apicid		: 0
initial apicid	: 0
fdiv_bug	: no
hlt_bug		: no
f00f_bug	: no
coma_bug	: no
fpu		: yes
fpu_exception	: yes
cpuid level	: 5
wp		: yes
flags		: fpu vme de pse tsc msr pae mce cx8 apic sep mtrr pge mca cmov pat pse36 clflush mmx fxsr sse sse2 ht syscall nx rdtscp lm constant_tsc pni ssse3 lahf_lm
bogomips	: 3419.54
clflush size	: 64
cache_alignment	: 64
address sizes	: 36 bits physical, 48 bits virtual
power management:

processor	: 1
vendor_id	: GenuineIntel
cpu family	: 6
model		: 30
model name	: Intel(R) Core(TM) i7 CPU       Q 740  @ 1.73GHz
stepping	: 5
cpu MHz		: 1709.771
cache size	: 6144 KB
physical id	: 0
siblings	: 8
core id		: 1
cpu cores	: 8
apicid		: 1
initial apicid	: 1
fdiv_bug	: no
hlt_bug		: no
f00f_bug	: no
coma_bug	: no
fpu		: yes
fpu_exception	: yes
cpuid level	: 5
wp		: yes
flags		: fpu vme de pse tsc msr pae mce cx8 apic sep mtrr pge mca cmov pat pse36 clflush mmx fxsr sse sse2 ht syscall nx rdtscp lm constant_tsc pni ssse3 lahf_lm
bogomips	: 3419.54
clflush size	: 64
cache_alignment	: 64
address sizes	: 36 bits physical, 48 bits virtual
power management:

processor	: 2
vendor_id	: GenuineIntel
cpu family	: 6
model		: 30
model name	: Intel(R) Core(TM) i7 CPU       Q 740  @ 1.73GHz
stepping	: 5
cpu MHz		: 1709.771
cache size	: 6144 KB
physical id	: 0
siblings	: 8
core id		: 2
cpu cores	: 8
apicid		: 2
initial apicid	: 2
fdiv_bug	: no
hlt_bug		: no
f00f_bug	: no
coma_bug	: no
fpu		: yes
fpu_exception	: yes
cpuid level	: 5
wp		: yes
flags		: fpu vme de pse tsc msr pae mce cx8 apic sep mtrr pge mca cmov pat pse36 clflush mmx fxsr sse sse2 ht syscall nx rdtscp lm constant_tsc pni ssse3 lahf_lm
bogomips	: 3419.54
clflush size	: 64
cache_alignment	: 64
address sizes	: 36 bits physical, 48 bits virtual
power management:

processor	: 3
vendor_id	: GenuineIntel
cpu family	: 6
model		: 30
model name	: Intel(R) Core(TM) i7 CPU       Q 740  @ 1.73GHz
stepping	: 5
cpu MHz		: 1709.771
cache size	: 6144 KB
physical id	: 0
siblings	: 8
core id		: 3
cpu cores	: 8
apicid		: 3
initial apicid	: 3
fdiv_bug	: no
hlt_bug		: no
f00f_bug	: no
coma_bug	: no
fpu		: yes
fpu_exception	: yes
cpuid level	: 5
wp		: yes
flags		: fpu vme de pse tsc msr pae mce cx8 apic sep mtrr pge mca cmov pat pse36 clflush mmx fxsr sse sse2 ht syscall nx rdtscp lm constant_tsc pni ssse3 lahf_lm
bogomips	: 3419.54
clflush size	: 64
cache_alignment	: 64
address sizes	: 36 bits physical, 48 bits virtual
power management:

processor	: 4
vendor_id	: GenuineIntel
cpu family	: 6
model		: 30
model name	: Intel(R) Core(TM) i7 CPU       Q 740  @ 1.73GHz
stepping	: 5
cpu MHz		: 1709.771
cache size	: 6144 KB
physical id	: 0
siblings	: 8
core id		: 4
cpu cores	: 8
apicid		: 4
initial apicid	: 4
fdiv_bug	: no
hlt_bug		: no
f00f_bug	: no
coma_bug	: no
fpu		: yes
fpu_exception	: yes
cpuid level	: 5
wp		: yes
flags		: fpu vme de pse tsc msr pae mce cx8 apic sep mtrr pge mca cmov pat pse36 clflush mmx fxsr sse sse2 ht syscall nx rdtscp lm constant_tsc pni ssse3 lahf_lm
bogomips	: 3419.54
clflush size	: 64
cache_alignment	: 64
address sizes	: 36 bits physical, 48 bits virtual
power management:

processor	: 5
vendor_id	: GenuineIntel
cpu family	: 6
model		: 30
model name	: Intel(R) Core(TM) i7 CPU       Q 740  @ 1.73GHz
stepping	: 5
cpu MHz		: 1709.771
cache size	: 6144 KB
physical id	: 0
siblings	: 8
core id		: 5
cpu cores	: 8
apicid		: 5
initial apicid	: 5
fdiv_bug	: no
hlt_bug		: no
f00f_bug	: no
coma_bug	: no
fpu		: yes
fpu_exception	: yes
cpuid level	: 5
wp		: yes
flags		: fpu vme de pse tsc msr pae mce cx8 apic sep mtrr pge mca cmov pat pse36 clflush mmx fxsr sse sse2 ht syscall nx rdtscp lm constant_tsc pni ssse3 lahf_lm
bogomips	: 3419.54
clflush size	: 64
cache_alignment	: 64
address sizes	: 36 bits physical, 48 bits virtual
power management:

processor	: 6
vendor_id	: GenuineIntel
cpu family	: 6
model		: 30
model name	: Intel(R) Core(TM) i7 CPU       Q 740  @ 1.73GHz
stepping	: 5
cpu MHz		: 1709.771
cache size	: 6144 KB
physical id	: 0
siblings	: 8
core id		: 6
cpu cores	: 8
apicid		: 6
initial apicid	: 6
fdiv_bug	: no
hlt_bug		: no
f00f_bug	: no
coma_bug	: no
fpu		: yes
fpu_exception	: yes
cpuid level	: 5
wp		: yes
flags		: fpu vme de pse tsc msr pae mce cx8 apic sep mtrr pge mca cmov pat pse36 clflush mmx fxsr sse sse2 ht syscall nx rdtscp lm constant_tsc pni ssse3 lahf_lm
bogomips	: 3419.54
clflush size	: 64
cache_alignment	: 64
address sizes	: 36 bits physical, 48 bits virtual
power management:

processor	: 7
vendor_id	: GenuineIntel
cpu family	: 6
model		: 30
model name	: Intel(R) Core(TM) i7 CPU       Q 740  @ 1.73GHz
stepping	: 5
cpu MHz		: 1709.771
cache size	: 6144 KB
physical id	: 0
siblings	: 8
core id		: 7
cpu cores	: 8
apicid		: 7
initial apicid	: 7
fdiv_bug	: no
hlt_bug		: no
f00f_bug	: no
coma_bug	: no
fpu		: yes
fpu_exception	: yes
cpuid level	: 5
wp		: yes
flags		: fpu vme de pse tsc msr pae mce cx8 apic sep mtrr pge mca cmov pat pse36 clflush mmx fxsr sse sse2 ht syscall nx rdtscp lm constant_tsc pni ssse3 lahf_lm
bogomips	: 3419.54
clflush size	: 64
cache_alignment	: 64
address sizes	: 36 bits physical, 48 bits virtual
power management:



Memory: 4k page, physical 6289244k(4920560k free), swap 4192252k(4192252k free)

vm_info: OpenJDK Server VM (23.2-b09) for linux-x86 JRE (1.7.0_09-b30), built on Oct 24 2012 18:03:08 by "buildd" with gcc 4.7.2

time: Tue Oct 30 18:02:48 2012
elapsed time: 2 seconds

